POP_SIZE -> 10
OPTIMIZATION FUNCTION -> levy_function
my results
	mean -> 0.15696366659365946
	best -> 1.4997597826618576e-32
	[2.204267599832889e-30, 0.5438522690072147, 0.08952825041644097, 0.08952825041644158, 1.6086414183874387e-30, 5.490252937810121e-28, 1.7277466680329545, 0.08952825041644107, 4.134085529668223e-31, 0.08952825041644091, 0.268584751249323, 4.289836251152819e-29, 0.543852269007215, 6.389572880069903e-30, 0.45432401859077387, 1.4763380433839966e-29, 6.941927479961464e-27, 9.114222468920771e-31, 4.134085529668231e-31, 0.4543240185907736, 1.608641418387432e-30, 0.08952825041644098, 8.303392546293709e-29, 1.4997597826618576e-32, 0.08952825041644091, 0.08952825041644093, 1.4198104299393367e-30, 1.4997597826618576e-32, 0.08952825041644098, 7.96971886258683e-29]
other results
	mean -> 0.03581130016657639
	best -> 1.4997597826618576e-32
	[0.08952825041644093, 3.6006961940884624e-30, 3.9856093111847345e-29, 1.4997597826618576e-32, 0.08952825041644091, 0.08952825041644104, 0.17905650083288185, 0.08952825041644098, 1.034792615100075e-28, 1.8058566446926913e-30, 2.7323549470696886e-32, 7.266047134857828e-29, 0.08952825041644098, 2.697392142277502e-28, 5.789061154165604e-28, 0.08952825041644098, 1.1879184814269491e-28, 2.2352354343147736e-28, 1.4997597826618576e-32, 7.120969429402294e-29, 0.08952825041644095, 1.9660744777748978e-26, 0.08952825041644091, 1.4997597826618576e-32, 0.08952825041644108, 1.6086414183874387e-30, 1.4997597826618576e-32, 6.389572880069903e-30, 0.08952825041644115, 6.527580086614277e-27]
----------------------------------------------------------------------------------------------------------------------------------------------------------------------------------------------------------------------------------------------------------------------------------------------------------------------------------------------------------------------------------------------------------------------------------------------------------------------------------------------------------------------------------------------------------------------------------------------------------------------------------------------------------------------------------------------------------------------------------------------------------------------------------------------------------------------------------------------------------------------------------------------------------------------------------------------------------------------------------------------------------------------------------------
POP_SIZE -> 40
OPTIMIZATION FUNCTION -> levy_function
my results
	mean -> 0.0029842750138813637
	best -> 1.4997597826618576e-32
	[1.4997597826618576e-32, 1.4997597826618576e-32, 1.4997597826618576e-32, 1.4997597826618576e-32, 1.4997597826618576e-32, 1.4997597826618576e-32, 1.4997597826618576e-32, 1.4997597826618576e-32, 1.4997597826618576e-32, 1.4997597826618576e-32, 1.4997597826618576e-32, 1.4997597826618576e-32, 1.4997597826618576e-32, 1.4997597826618576e-32, 1.4997597826618576e-32, 1.4997597826618576e-32, 1.4997597826618576e-32, 1.4997597826618576e-32, 1.4997597826618576e-32, 1.4997597826618576e-32, 0.08952825041644091, 1.4997597826618576e-32, 1.4997597826618576e-32, 1.4997597826618576e-32, 1.4997597826618576e-32, 1.4997597826618576e-32, 1.4997597826618576e-32, 1.4997597826618576e-32, 1.4997597826618576e-32, 1.4997597826618576e-32]
other results
	mean -> 2.8277962997958683e-32
	best -> 1.4997597826618576e-32
	[1.4997597826618576e-32, 1.4997597826618576e-32, 1.4997597826618576e-32, 1.4997597826618576e-32, 1.4997597826618576e-32, 1.4997597826618576e-32, 4.134085529668223e-31, 1.4997597826618576e-32, 1.4997597826618576e-32, 1.4997597826618576e-32, 1.4997597826618576e-32, 1.4997597826618576e-32, 1.4997597826618576e-32, 1.4997597826618576e-32, 1.4997597826618576e-32, 1.4997597826618576e-32, 1.4997597826618576e-32, 1.4997597826618576e-32, 1.4997597826618576e-32, 1.4997597826618576e-32, 1.4997597826618576e-32, 1.4997597826618576e-32, 1.4997597826618576e-32, 1.4997597826618576e-32, 1.4997597826618576e-32, 1.4997597826618576e-32, 1.4997597826618576e-32, 1.4997597826618576e-32, 1.4997597826618576e-32, 1.4997597826618576e-32]
----------------------------------------------------------------------------------------------------------------------------------------------------------------------------------------------------------------------------------------------------------------------------------------------------------------------------------------------------------------------------------------------------------------------------------------------------------------------------------------------------------------------------------------------------------------------------------------------------------------------------------------------------------------------------------------------------------------------------------------------------------------------------------------------------------------------------------------------------------------------------------------------------------------------------------------------------------------------------------------------------------------------------------------
POP_SIZE -> 70
OPTIMIZATION FUNCTION -> levy_function
my results
	mean -> 1.4997597826618565e-32
	best -> 1.4997597826618576e-32
	[1.4997597826618576e-32, 1.4997597826618576e-32, 1.4997597826618576e-32, 1.4997597826618576e-32, 1.4997597826618576e-32, 1.4997597826618576e-32, 1.4997597826618576e-32, 1.4997597826618576e-32, 1.4997597826618576e-32, 1.4997597826618576e-32, 1.4997597826618576e-32, 1.4997597826618576e-32, 1.4997597826618576e-32, 1.4997597826618576e-32, 1.4997597826618576e-32, 1.4997597826618576e-32, 1.4997597826618576e-32, 1.4997597826618576e-32, 1.4997597826618576e-32, 1.4997597826618576e-32, 1.4997597826618576e-32, 1.4997597826618576e-32, 1.4997597826618576e-32, 1.4997597826618576e-32, 1.4997597826618576e-32, 1.4997597826618576e-32, 1.4997597826618576e-32, 1.4997597826618576e-32, 1.4997597826618576e-32, 1.4997597826618576e-32]
other results
	mean -> 1.4997597826618565e-32
	best -> 1.4997597826618576e-32
	[1.4997597826618576e-32, 1.4997597826618576e-32, 1.4997597826618576e-32, 1.4997597826618576e-32, 1.4997597826618576e-32, 1.4997597826618576e-32, 1.4997597826618576e-32, 1.4997597826618576e-32, 1.4997597826618576e-32, 1.4997597826618576e-32, 1.4997597826618576e-32, 1.4997597826618576e-32, 1.4997597826618576e-32, 1.4997597826618576e-32, 1.4997597826618576e-32, 1.4997597826618576e-32, 1.4997597826618576e-32, 1.4997597826618576e-32, 1.4997597826618576e-32, 1.4997597826618576e-32, 1.4997597826618576e-32, 1.4997597826618576e-32, 1.4997597826618576e-32, 1.4997597826618576e-32, 1.4997597826618576e-32, 1.4997597826618576e-32, 1.4997597826618576e-32, 1.4997597826618576e-32, 1.4997597826618576e-32, 1.4997597826618576e-32]
----------------------------------------------------------------------------------------------------------------------------------------------------------------------------------------------------------------------------------------------------------------------------------------------------------------------------------------------------------------------------------------------------------------------------------------------------------------------------------------------------------------------------------------------------------------------------------------------------------------------------------------------------------------------------------------------------------------------------------------------------------------------------------------------------------------------------------------------------------------------------------------------------------------------------------------------------------------------------------------------------------------------------------------
POP_SIZE -> 10
OPTIMIZATION FUNCTION -> rosenbrock_function
my results
	mean -> 9.368399743249056e-11
	best -> 0.0
	[6.571763024325378e-22, 6.108543310243257e-25, 1.3756606763023671e-09, 1.6069839006208278e-13, 2.8776906265363866e-27, 0.0, 2.6482212971811785e-11, 1.2701073179904583e-09, 5.669691237243141e-27, 2.6079169133324645e-21, 4.774637578643155e-11, 2.442283231138207e-20, 5.375847475224008e-21, 2.0409192328803593e-21, 9.028402158234835e-11, 1.0777553773055837e-19, 7.70389061523873e-25, 2.3588104528214637e-21, 1.379034024769632e-21, 2.464394848874408e-24, 2.248823270573731e-23, 1.6689008313837486e-24, 3.0059687214734914e-17, 5.068005126617047e-18, 3.507560130224902e-17, 1.5870148911303292e-20, 7.854958509018924e-14, 1.7752357364638482e-22, 2.1764096050526694e-23, 1.3774286463463436e-22]
other results
	mean -> 7.394596835163874e-20
	best -> 3.29595946962654e-27
	[1.4224468425490082e-24, 3.9007027047592964e-26, 3.3552237926773665e-23, 2.29002333717477e-21, 8.451605521719546e-26, 3.522272027636096e-24, 3.5230753592085474e-25, 2.1691578933423522e-18, 3.29595946962654e-27, 4.193120007037433e-25, 2.138206151412699e-22, 5.286737478208436e-25, 1.3763995770489638e-26, 2.995071403600043e-25, 3.73292678136076e-26, 6.817013616819301e-23, 1.7856909365186691e-25, 1.1493913776054893e-21, 2.9496485708102875e-24, 3.977191027908075e-25, 1.6266696435348559e-24, 6.673428855101656e-25, 1.983749603043023e-24, 3.7356432362138403e-23, 1.8716342506545873e-25, 4.533294821291643e-20, 4.707059065743913e-27, 1.1085038261899666e-23, 6.898237422678315e-23, 1.1094440423858059e-24]
----------------------------------------------------------------------------------------------------------------------------------------------------------------------------------------------------------------------------------------------------------------------------------------------------------------------------------------------------------------------------------------------------------------------------------------------------------------------------------------------------------------------------------------------------------------------------------------------------------------------------------------------------------------------------------------------------------------------------------------------------------------------------------------------------------------------------------------------------------------------------------------------------------------------------------------------------------------------------------------------------------------------------------------
POP_SIZE -> 40
OPTIMIZATION FUNCTION -> rosenbrock_function
my results
	mean -> 8.36110386523312e-30
	best -> 0.0
	[9.096552313329792e-30, 8.591188295922582e-30, 0.0, 1.9425699791067416e-29, 0.0, 0.0, 0.0, 1.9955715711762783e-29, 1.4026932970961116e-29, 5.408627581421562e-29, 1.9955715711762783e-29, 0.0, 0.0, 0.0, 1.9955715711762783e-29, 0.0, 0.0, 2.1249940634391006e-29, 0.0, 0.0, 0.0, 0.0, 0.0, 0.0, 0.0, 1.4100888680825586e-29, 4.856424947766854e-30, 3.143117669239969e-29, 0.0, 1.4100888680825586e-29]
other results
	mean -> 1.2816524519512626e-29
	best -> 0.0
	[1.4100888680825586e-29, 0.0, 0.0, 0.0, 3.2417252823925954e-29, 3.143117669239969e-29, 0.0, 9.096552313329792e-30, 1.9955715711762783e-29, 0.0, 3.143117669239969e-29, 0.0, 0.0, 0.0, 1.4100888680825586e-29, 3.734763348155728e-29, 3.5252221702063965e-30, 0.0, 8.591188295922582e-30, 0.0, 0.0, 0.0, 3.638620925331917e-29, 0.0, 6.018762187803439e-29, 7.240263995731599e-29, 0.0, 0.0, 1.3521568953553905e-29, 0.0]
----------------------------------------------------------------------------------------------------------------------------------------------------------------------------------------------------------------------------------------------------------------------------------------------------------------------------------------------------------------------------------------------------------------------------------------------------------------------------------------------------------------------------------------------------------------------------------------------------------------------------------------------------------------------------------------------------------------------------------------------------------------------------------------------------------------------------------------------------------------------------------------------------------------------------------------------------------------------------------------------------------------------------------------
POP_SIZE -> 70
OPTIMIZATION FUNCTION -> rosenbrock_function
my results
	mean -> 3.441146443177084e-27
	best -> 0.0
	[3.5252221702063965e-30, 4.286472943744673e-27, 2.7964379532986224e-27, 4.446396003350767e-26, 2.2803010541544873e-30, 0.0, 5.075826887031448e-29, 0.0, 7.230403234416336e-29, 0.0, 0.0, 0.0, 5.77347575008628e-28, 1.1906869288179647e-29, 2.588449845256445e-30, 4.542390514754849e-26, 0.0, 0.0, 0.0, 2.5976203532796392e-27, 6.948755239349147e-28, 1.620739381679857e-28, 0.0, 0.0, 0.0, 2.0450232891723205e-27, 2.2803010541544873e-30, 0.0, 0.0, 4.103309302313669e-29]
other results
	mean -> 1.5042180521378366e-28
	best -> 0.0
	[0.0, 3.3280069439011436e-30, 8.591188295922582e-30, 0.0, 0.0, 0.0, 0.0, 0.0, 3.3185159611352033e-28, 0.0, 0.0, 5.129198257650307e-28, 1.771855548836257e-28, 0.0, 0.0, 1.4100888680825586e-29, 0.0, 1.0464979464855366e-27, 3.5252221702063965e-30, 0.0, 0.0, 6.737365168653204e-29, 2.2840851213092193e-27, 3.777904178910002e-29, 2.5416112290089474e-29, 0.0, 0.0, 0.0, 0.0, 0.0]
----------------------------------------------------------------------------------------------------------------------------------------------------------------------------------------------------------------------------------------------------------------------------------------------------------------------------------------------------------------------------------------------------------------------------------------------------------------------------------------------------------------------------------------------------------------------------------------------------------------------------------------------------------------------------------------------------------------------------------------------------------------------------------------------------------------------------------------------------------------------------------------------------------------------------------------------------------------------------------------------------------------------------------------
POP_SIZE -> 10
OPTIMIZATION FUNCTION -> zakharov_function
my results
	mean -> 2e-323
	best -> 0.0
	[0.0, 6e-323, 5e-324, 3.5e-323, 3e-323, 1.5e-323, 1.5e-323, 6.4e-323, 0.0, 0.0, 0.0, 1e-323, 0.0, 5e-324, 0.0, 7e-323, 0.0, 0.0, 0.0, 1e-323, 0.0, 1.5e-323, 0.0, 5e-324, 0.0, 3e-323, 1.8e-322, 0.0, 2e-323, 2.5e-323]
other results
	mean -> 0.0
	best -> 0.0
	[0.0, 0.0, 0.0, 0.0, 0.0, 0.0, 0.0, 0.0, 0.0, 0.0, 0.0, 0.0, 0.0, 0.0, 0.0, 0.0, 0.0, 0.0, 0.0, 0.0, 0.0, 0.0, 0.0, 0.0, 0.0, 0.0, 0.0, 0.0, 0.0, 0.0]
----------------------------------------------------------------------------------------------------------------------------------------------------------------------------------------------------------------------------------------------------------------------------------------------------------------------------------------------------------------------------------------------------------------------------------------------------------------------------------------------------------------------------------------------------------------------------------------------------------------------------------------------------------------------------------------------------------------------------------------------------------------------------------------------------------------------------------------------------------------------------------------------------------------------------------------------------------------------------------------------------------------------------------------
POP_SIZE -> 40
OPTIMIZATION FUNCTION -> zakharov_function
my results
	mean -> 0.0
	best -> 0.0
	[0.0, 0.0, 0.0, 0.0, 0.0, 0.0, 0.0, 0.0, 0.0, 0.0, 0.0, 0.0, 0.0, 0.0, 0.0, 0.0, 0.0, 0.0, 0.0, 0.0, 0.0, 0.0, 0.0, 0.0, 0.0, 0.0, 0.0, 0.0, 0.0, 0.0]
other results
	mean -> 0.0
	best -> 0.0
	[0.0, 0.0, 0.0, 0.0, 0.0, 0.0, 0.0, 0.0, 0.0, 0.0, 0.0, 0.0, 0.0, 0.0, 0.0, 0.0, 0.0, 0.0, 0.0, 0.0, 0.0, 0.0, 0.0, 0.0, 0.0, 0.0, 0.0, 0.0, 0.0, 0.0]
----------------------------------------------------------------------------------------------------------------------------------------------------------------------------------------------------------------------------------------------------------------------------------------------------------------------------------------------------------------------------------------------------------------------------------------------------------------------------------------------------------------------------------------------------------------------------------------------------------------------------------------------------------------------------------------------------------------------------------------------------------------------------------------------------------------------------------------------------------------------------------------------------------------------------------------------------------------------------------------------------------------------------------------
POP_SIZE -> 70
OPTIMIZATION FUNCTION -> zakharov_function
my results
	mean -> 0.0
	best -> 0.0
	[0.0, 0.0, 0.0, 0.0, 0.0, 0.0, 0.0, 0.0, 0.0, 0.0, 0.0, 0.0, 0.0, 0.0, 0.0, 0.0, 0.0, 0.0, 0.0, 0.0, 0.0, 0.0, 0.0, 0.0, 0.0, 0.0, 0.0, 0.0, 0.0, 0.0]
other results
	mean -> 0.0
	best -> 0.0
	[0.0, 0.0, 0.0, 0.0, 0.0, 0.0, 0.0, 0.0, 0.0, 0.0, 0.0, 0.0, 0.0, 0.0, 0.0, 0.0, 0.0, 0.0, 0.0, 0.0, 0.0, 0.0, 0.0, 0.0, 0.0, 0.0, 0.0, 0.0, 0.0, 0.0]
----------------------------------------------------------------------------------------------------------------------------------------------------------------------------------------------------------------------------------------------------------------------------------------------------------------------------------------------------------------------------------------------------------------------------------------------------------------------------------------------------------------------------------------------------------------------------------------------------------------------------------------------------------------------------------------------------------------------------------------------------------------------------------------------------------------------------------------------------------------------------------------------------------------------------------------------------------------------------------------------------------------------------------------
