DIMENSIONS -> 10
POP_SIZE -> 10
OPTIMIZATION FUNCTION -> levy_function
my results
	mean -> 0.66305249
	best -> 0.19322265
	worst -> 2.69665505
	[0.6771021, 0.62798806, 0.3997778, 0.54183325, 0.59381409, 0.28977129, 0.94338511, 0.68295042, 0.39299737, 0.47855908, 0.33298923, 0.6939833, 0.4272082, 0.65251004, 0.67276472, 0.5802509, 0.43684487, 0.46125105, 0.94150933, 0.40004747, 0.74545244, 2.52268452, 0.33030581, 0.24288039, 0.7388009, 0.48735021, 2.69665505, 0.45473458, 0.25195047, 0.19322265]
other results
	mean -> 0.66305249
	best -> 0.19322265
	worst -> 2.69665505
	[0.6771021, 0.62798806, 0.3997778, 0.54183325, 0.59381409, 0.28977129, 0.94338511, 0.68295042, 0.39299737, 0.47855908, 0.33298923, 0.6939833, 0.4272082, 0.65251004, 0.67276472, 0.5802509, 0.43684487, 0.46125105, 0.94150933, 0.40004747, 0.74545244, 2.52268452, 0.33030581, 0.24288039, 0.7388009, 0.48735021, 2.69665505, 0.45473458, 0.25195047, 0.19322265]
my times
	mean -> 0.057210755348205564
	best -> 0.052992820739746094
	worst -> 0.1009986400604248
	[0.07300066947937012, 0.1009986400604248, 0.05399274826049805, 0.054039955139160156, 0.056001901626586914, 0.0729684829711914, 0.054042816162109375, 0.052992820739746094, 0.05403900146484375, 0.053044795989990234, 0.055040836334228516, 0.05302619934082031, 0.05404067039489746, 0.053991079330444336, 0.054001808166503906, 0.053040266036987305, 0.05300116539001465, 0.054016828536987305, 0.0549924373626709, 0.05599164962768555, 0.05498194694519043, 0.054001569747924805, 0.052994728088378906, 0.05300426483154297, 0.05798935890197754, 0.05801272392272949, 0.05499601364135742, 0.055039167404174805, 0.054999589920043945, 0.05403852462768555]
other times
	mean -> 0.3488911231358846
	best -> 0.3300044536590576
	worst -> 0.43599796295166016
	[0.43599796295166016, 0.39003992080688477, 0.3399684429168701, 0.33765649795532227, 0.3490166664123535, 0.33097362518310547, 0.3460075855255127, 0.34195828437805176, 0.3309597969055176, 0.3409552574157715, 0.34196019172668457, 0.3729729652404785, 0.3460080623626709, 0.3309609889984131, 0.40799713134765625, 0.33500170707702637, 0.35198068618774414, 0.3540074825286865, 0.33201074600219727, 0.3409740924835205, 0.34800171852111816, 0.3440430164337158, 0.34198737144470215, 0.33800578117370605, 0.34099912643432617, 0.3300044536590576, 0.34336113929748535, 0.3519613742828369, 0.33500027656555176, 0.33596134185791016]
----------------------------------------------------------------------------------------------------------------------------------------------------------------------------------------------------------------------------------------------------------------------------------------------------------------------------------------------------------------------------------------------------------------------------------------------------------------------------------------------------------------------------------------------------------------------------------------------------------------------------------------------------------------------------------------------------------------------------------------------------------------------------------------------------------------------------------------------------------------------------------------------------------------------------------------------------------------------------------------------------------------------------------------
DIMENSIONS -> 10
POP_SIZE -> 40
OPTIMIZATION FUNCTION -> levy_function
my results
	mean -> 2.0220311696666666
	best -> 0.9185791
	worst -> 3.11247252
	[0.99761836, 1.7252946, 1.04726115, 1.40307007, 2.84067922, 2.35015672, 2.01722368, 2.73858508, 2.15769712, 1.91216719, 1.06420815, 0.9185791, 1.73261941, 2.22194999, 1.98254477, 2.1255168, 3.11247252, 2.32665133, 3.11111183, 1.93032865, 1.64537911, 1.98870962, 1.59968408, 2.76073345, 2.09916271, 2.45790669, 2.45062239, 1.44233993, 2.61128636, 1.88937501]
other results
	mean -> 2.0220311696666666
	best -> 0.9185791
	worst -> 3.11247252
	[0.99761836, 1.7252946, 1.04726115, 1.40307007, 2.84067922, 2.35015672, 2.01722368, 2.73858508, 2.15769712, 1.91216719, 1.06420815, 0.9185791, 1.73261941, 2.22194999, 1.98254477, 2.1255168, 3.11247252, 2.32665133, 3.11111183, 1.93032865, 1.64537911, 1.98870962, 1.59968408, 2.76073345, 2.09916271, 2.45790669, 2.45062239, 1.44233993, 2.61128636, 1.88937501]
my times
	mean -> 0.05507221221923828
	best -> 0.05299949645996094
	worst -> 0.05800056457519531
	[0.05704140663146973, 0.05500006675720215, 0.057001352310180664, 0.05500030517578125, 0.05399942398071289, 0.054041147232055664, 0.053971052169799805, 0.05800056457519531, 0.05499839782714844, 0.05500149726867676, 0.05404162406921387, 0.05503964424133301, 0.05403900146484375, 0.05703163146972656, 0.05495023727416992, 0.05595970153808594, 0.054950714111328125, 0.053964853286743164, 0.05603909492492676, 0.05399942398071289, 0.05399966239929199, 0.05299949645996094, 0.05604290962219238, 0.05602717399597168, 0.054988861083984375, 0.05503988265991211, 0.05399775505065918, 0.055951833724975586, 0.05604124069213867, 0.05300641059875488]
other times
	mean -> 0.34494423071543373
	best -> 0.3349578380584717
	worst -> 0.3650479316711426
	[0.3389575481414795, 0.3460516929626465, 0.3389589786529541, 0.34200048446655273, 0.34800267219543457, 0.3489847183227539, 0.3470008373260498, 0.34600210189819336, 0.3410189151763916, 0.3439979553222656, 0.3349578380584717, 0.34496164321899414, 0.3509693145751953, 0.33652615547180176, 0.35804200172424316, 0.3650479316711426, 0.34600019454956055, 0.34245800971984863, 0.343386173248291, 0.3510010242462158, 0.3450002670288086, 0.3450589179992676, 0.3429558277130127, 0.33602380752563477, 0.3459630012512207, 0.3410019874572754, 0.3440074920654297, 0.3549985885620117, 0.3379857540130615, 0.3410050868988037]
----------------------------------------------------------------------------------------------------------------------------------------------------------------------------------------------------------------------------------------------------------------------------------------------------------------------------------------------------------------------------------------------------------------------------------------------------------------------------------------------------------------------------------------------------------------------------------------------------------------------------------------------------------------------------------------------------------------------------------------------------------------------------------------------------------------------------------------------------------------------------------------------------------------------------------------------------------------------------------------------------------------------------------------
DIMENSIONS -> 10
POP_SIZE -> 70
OPTIMIZATION FUNCTION -> levy_function
my results
	mean -> 4.286960374666666
	best -> 2.23048236
	worst -> 7.04950223
	[3.68503521, 4.24816918, 3.76267303, 3.75639614, 2.23048236, 4.39532706, 4.77929747, 3.3196374, 3.90475494, 4.49736131, 4.34673919, 4.51068369, 5.12540551, 3.51193954, 2.31204017, 2.83894238, 3.8822567, 5.06820442, 5.19843512, 2.77467458, 6.6041654, 5.82321185, 7.04950223, 6.13194483, 4.31759692, 4.00133797, 2.92306617, 5.11950922, 3.26775102, 5.22227023]
other results
	mean -> 4.286960374666666
	best -> 2.23048236
	worst -> 7.04950223
	[3.68503521, 4.24816918, 3.76267303, 3.75639614, 2.23048236, 4.39532706, 4.77929747, 3.3196374, 3.90475494, 4.49736131, 4.34673919, 4.51068369, 5.12540551, 3.51193954, 2.31204017, 2.83894238, 3.8822567, 5.06820442, 5.19843512, 2.77467458, 6.6041654, 5.82321185, 7.04950223, 6.13194483, 4.31759692, 4.00133797, 2.92306617, 5.11950922, 3.26775102, 5.22227023]
my times
	mean -> 0.05904455979665121
	best -> 0.05302739143371582
	worst -> 0.0930018424987793
	[0.05499863624572754, 0.05404067039489746, 0.05600476264953613, 0.05302739143371582, 0.05404090881347656, 0.05501604080200195, 0.05599808692932129, 0.05501294136047363, 0.05501246452331543, 0.055006980895996094, 0.05501246452331543, 0.05400276184082031, 0.054044246673583984, 0.06699919700622559, 0.05600404739379883, 0.05701303482055664, 0.0540156364440918, 0.05404257774353027, 0.05502033233642578, 0.05602598190307617, 0.05404043197631836, 0.062000274658203125, 0.07599735260009766, 0.0599970817565918, 0.06299972534179688, 0.0930018424987793, 0.07597112655639648, 0.057039737701416016, 0.06397175788879395, 0.05597829818725586]
other times
	mean -> 0.37393664518992104
	best -> 0.3409600257873535
	worst -> 0.6769988536834717
	[0.34799766540527344, 0.345470666885376, 0.3699641227722168, 0.3409600257873535, 0.3519880771636963, 0.3509819507598877, 0.3570065498352051, 0.34795546531677246, 0.34498047828674316, 0.3470005989074707, 0.344987154006958, 0.35295939445495605, 0.3589811325073242, 0.3540043830871582, 0.35499119758605957, 0.34798741340637207, 0.34895920753479004, 0.34697723388671875, 0.3499593734741211, 0.36197829246520996, 0.35895490646362305, 0.4270014762878418, 0.4230029582977295, 0.4080007076263428, 0.3639993667602539, 0.45302891731262207, 0.6769988536834717, 0.3679616451263428, 0.3670496940612793, 0.3460104465484619]
----------------------------------------------------------------------------------------------------------------------------------------------------------------------------------------------------------------------------------------------------------------------------------------------------------------------------------------------------------------------------------------------------------------------------------------------------------------------------------------------------------------------------------------------------------------------------------------------------------------------------------------------------------------------------------------------------------------------------------------------------------------------------------------------------------------------------------------------------------------------------------------------------------------------------------------------------------------------------------------------------------------------------------------
DIMENSIONS -> 20
POP_SIZE -> 10
OPTIMIZATION FUNCTION -> levy_function
my results
	mean -> 6.324648368666668
	best -> 3.60766612
	worst -> 10.93227727
	[5.14317111, 6.14655907, 4.6219342, 5.76412709, 10.93227727, 8.60404005, 5.50451228, 4.53368913, 5.68352575, 5.12009811, 5.71029471, 7.90694624, 7.93343417, 6.82571251, 5.92935472, 6.79453461, 8.27467425, 4.68323375, 6.40880116, 6.67042031, 4.94335803, 3.60766612, 5.27903376, 6.78663215, 8.03500246, 4.6895245, 7.34818131, 6.55678217, 5.170486, 8.13144407]
other results
	mean -> 6.324648368666668
	best -> 3.60766612
	worst -> 10.93227727
	[5.14317111, 6.14655907, 4.6219342, 5.76412709, 10.93227727, 8.60404005, 5.50451228, 4.53368913, 5.68352575, 5.12009811, 5.71029471, 7.90694624, 7.93343417, 6.82571251, 5.92935472, 6.79453461, 8.27467425, 4.68323375, 6.40880116, 6.67042031, 4.94335803, 3.60766612, 5.27903376, 6.78663215, 8.03500246, 4.6895245, 7.34818131, 6.55678217, 5.170486, 8.13144407]
my times
	mean -> 0.10847209294637045
	best -> 0.09703803062438965
	worst -> 0.17302656173706055
	[0.10401225090026855, 0.10403776168823242, 0.10496234893798828, 0.0990445613861084, 0.09703803062438965, 0.10999774932861328, 0.10796594619750977, 0.1019740104675293, 0.09801506996154785, 0.10599827766418457, 0.10800313949584961, 0.09998559951782227, 0.0989985466003418, 0.10299468040466309, 0.10003995895385742, 0.10095405578613281, 0.10599875450134277, 0.12999844551086426, 0.11800146102905273, 0.14599990844726562, 0.10599255561828613, 0.1010429859161377, 0.10296821594238281, 0.10300374031066895, 0.10303831100463867, 0.10503983497619629, 0.17302656173706055, 0.10904741287231445, 0.10597419738769531, 0.10100841522216797]
other times
	mean -> 0.3972211996714274
	best -> 0.34900569915771484
	worst -> 0.6349585056304932
	[0.37696266174316406, 0.36099863052368164, 0.36504602432250977, 0.35695624351501465, 0.3699629306793213, 0.3749988079071045, 0.36304354667663574, 0.35802650451660156, 0.36396098136901855, 0.3849666118621826, 0.3540518283843994, 0.35759782791137695, 0.34900569915771484, 0.35995960235595703, 0.34900856018066406, 0.3679988384246826, 0.4060020446777344, 0.6159999370574951, 0.6309981346130371, 0.3690481185913086, 0.3559591770172119, 0.39202308654785156, 0.3660426139831543, 0.36800599098205566, 0.39653825759887695, 0.4775378704071045, 0.6349585056304932, 0.3650228977203369, 0.36099934577941895, 0.36495471000671387]
----------------------------------------------------------------------------------------------------------------------------------------------------------------------------------------------------------------------------------------------------------------------------------------------------------------------------------------------------------------------------------------------------------------------------------------------------------------------------------------------------------------------------------------------------------------------------------------------------------------------------------------------------------------------------------------------------------------------------------------------------------------------------------------------------------------------------------------------------------------------------------------------------------------------------------------------------------------------------------------------------------------------------------------
DIMENSIONS -> 20
POP_SIZE -> 40
OPTIMIZATION FUNCTION -> levy_function
my results
	mean -> 15.993663166
	best -> 7.76130841
	worst -> 23.52299844
	[22.82941269, 7.76130841, 12.36454458, 12.21670336, 19.25558149, 21.72874859, 12.31388253, 14.80190073, 13.75525628, 19.67834241, 18.86802979, 17.78428325, 9.39137663, 13.96559521, 12.44132915, 16.94487443, 12.92384397, 14.51147977, 17.10336669, 17.02936066, 23.52299844, 15.75569957, 18.43743797, 17.40068253, 18.78159341, 16.01020371, 19.28896407, 12.72064465, 13.33420179, 16.88824822]
other results
	mean -> 15.993663166
	best -> 7.76130841
	worst -> 23.52299844
	[22.82941269, 7.76130841, 12.36454458, 12.21670336, 19.25558149, 21.72874859, 12.31388253, 14.80190073, 13.75525628, 19.67834241, 18.86802979, 17.78428325, 9.39137663, 13.96559521, 12.44132915, 16.94487443, 12.92384397, 14.51147977, 17.10336669, 17.02936066, 23.52299844, 15.75569957, 18.43743797, 17.40068253, 18.78159341, 16.01020371, 19.28896407, 12.72064465, 13.33420179, 16.88824822]
my times
	mean -> 0.11930562655131022
	best -> 0.09900093078613281
	worst -> 0.18099665641784668
	[0.1560053825378418, 0.13500165939331055, 0.10500264167785645, 0.12504196166992188, 0.17999911308288574, 0.16401982307434082, 0.14593148231506348, 0.14895844459533691, 0.10002708435058594, 0.09904241561889648, 0.10004520416259766, 0.09900093078613281, 0.12699556350708008, 0.18099665641784668, 0.09995746612548828, 0.10503816604614258, 0.11402249336242676, 0.10304069519042969, 0.10203909873962402, 0.10203957557678223, 0.11595869064331055, 0.1099996566772461, 0.10496973991394043, 0.10204148292541504, 0.1399857997894287, 0.10204124450683594, 0.10300230979919434, 0.10300636291503906, 0.1019601821899414, 0.10399746894836426]
other times
	mean -> 0.45335702896118163
	best -> 0.3499727249145508
	worst -> 0.7054998874664307
	[0.5639955997467041, 0.5990371704101562, 0.36596083641052246, 0.6949574947357178, 0.5480020046234131, 0.7054998874664307, 0.6640424728393555, 0.5739986896514893, 0.3499727249145508, 0.35495781898498535, 0.3579564094543457, 0.41359615325927734, 0.39400553703308105, 0.5599970817565918, 0.3820767402648926, 0.6169664859771729, 0.38297128677368164, 0.37495946884155273, 0.3680119514465332, 0.36200881004333496, 0.6217560768127441, 0.38102221488952637, 0.37800049781799316, 0.36200809478759766, 0.3679680824279785, 0.36600708961486816, 0.37500548362731934, 0.3819613456726074, 0.37303948402404785, 0.36096787452697754]
----------------------------------------------------------------------------------------------------------------------------------------------------------------------------------------------------------------------------------------------------------------------------------------------------------------------------------------------------------------------------------------------------------------------------------------------------------------------------------------------------------------------------------------------------------------------------------------------------------------------------------------------------------------------------------------------------------------------------------------------------------------------------------------------------------------------------------------------------------------------------------------------------------------------------------------------------------------------------------------------------------------------------------------
DIMENSIONS -> 20
POP_SIZE -> 70
OPTIMIZATION FUNCTION -> levy_function
my results
	mean -> 27.606278780666667
	best -> 17.96625762
	worst -> 37.10982723
	[27.90180608, 26.00217467, 19.11820241, 26.92584666, 31.91126415, 28.43662416, 32.28368652, 24.32383365, 31.71332185, 28.75189802, 28.13864436, 24.38533359, 31.21640209, 27.21927674, 27.15360366, 29.38045633, 25.04225052, 37.10982723, 29.82630516, 17.96625762, 34.00167909, 26.51202251, 26.31197139, 32.22091164, 22.15788555, 23.38336142, 28.41620757, 29.15163609, 24.75233301, 26.47333968]
other results
	mean -> 27.606278780666667
	best -> 17.96625762
	worst -> 37.10982723
	[27.90180608, 26.00217467, 19.11820241, 26.92584666, 31.91126415, 28.43662416, 32.28368652, 24.32383365, 31.71332185, 28.75189802, 28.13864436, 24.38533359, 31.21640209, 27.21927674, 27.15360366, 29.38045633, 25.04225052, 37.10982723, 29.82630516, 17.96625762, 34.00167909, 26.51202251, 26.31197139, 32.22091164, 22.15788555, 23.38336142, 28.41620757, 29.15163609, 24.75233301, 26.47333968]
my times
	mean -> 0.10692791938781739
	best -> 0.09903883934020996
	worst -> 0.19100213050842285
	[0.1079702377319336, 0.19100213050842285, 0.11299943923950195, 0.11800312995910645, 0.1059868335723877, 0.1049814224243164, 0.10099077224731445, 0.10295653343200684, 0.09999942779541016, 0.10102462768554688, 0.1130211353302002, 0.10300350189208984, 0.09995698928833008, 0.10600042343139648, 0.09997200965881348, 0.10004186630249023, 0.10499787330627441, 0.09904193878173828, 0.10198712348937988, 0.10295391082763672, 0.10100173950195312, 0.09903883934020996, 0.10594630241394043, 0.09995222091674805, 0.10496020317077637, 0.10099935531616211, 0.10400104522705078, 0.10404419898986816, 0.1080019474029541, 0.10300040245056152]
other times
	mean -> 0.3944822947184245
	best -> 0.354036808013916
	worst -> 0.7070014476776123
	[0.6490015983581543, 0.5399961471557617, 0.7070014476776123, 0.3890402317047119, 0.3860201835632324, 0.35831713676452637, 0.36704325675964355, 0.366962194442749, 0.3600010871887207, 0.36397266387939453, 0.357006311416626, 0.3630239963531494, 0.3580508232116699, 0.3569936752319336, 0.36100101470947266, 0.37195897102355957, 0.36300182342529297, 0.35601186752319336, 0.35700511932373047, 0.36099910736083984, 0.3639988899230957, 0.3620128631591797, 0.3670506477355957, 0.354036808013916, 0.36104393005371094, 0.3609592914581299, 0.36699843406677246, 0.37395715713500977, 0.4140002727508545, 0.4180018901824951]
----------------------------------------------------------------------------------------------------------------------------------------------------------------------------------------------------------------------------------------------------------------------------------------------------------------------------------------------------------------------------------------------------------------------------------------------------------------------------------------------------------------------------------------------------------------------------------------------------------------------------------------------------------------------------------------------------------------------------------------------------------------------------------------------------------------------------------------------------------------------------------------------------------------------------------------------------------------------------------------------------------------------------------------
DIMENSIONS -> 10
POP_SIZE -> 10
OPTIMIZATION FUNCTION -> rosenbrock_function
my results
	mean -> 396.46340929900003
	best -> 94.77706304
	worst -> 981.26992655
	[355.30805497, 286.8367384, 342.47972053, 928.29786908, 192.83698101, 467.92219412, 981.26992655, 104.43082517, 467.96881512, 300.26395509, 246.92067062, 383.03682431, 542.74877517, 241.81073961, 498.89750637, 274.37462205, 409.93778975, 181.36842015, 94.77706304, 281.66931081, 313.18777865, 876.7174941, 518.19742062, 430.50461954, 310.22111253, 359.51081979, 457.60096395, 312.97438361, 579.94715824, 151.88372602]
other results
	mean -> 396.46340929900003
	best -> 94.77706304
	worst -> 981.26992655
	[355.30805497, 286.8367384, 342.47972053, 928.29786908, 192.83698101, 467.92219412, 981.26992655, 104.43082517, 467.96881512, 300.26395509, 246.92067062, 383.03682431, 542.74877517, 241.81073961, 498.89750637, 274.37462205, 409.93778975, 181.36842015, 94.77706304, 281.66931081, 313.18777865, 876.7174941, 518.19742062, 430.50461954, 310.22111253, 359.51081979, 457.60096395, 312.97438361, 579.94715824, 151.88372602]
my times
	mean -> 0.04247065385182699
	best -> 0.037045955657958984
	worst -> 0.05899763107299805
	[0.05599188804626465, 0.039984941482543945, 0.037045955657958984, 0.04099106788635254, 0.03899812698364258, 0.04098153114318848, 0.05899763107299805, 0.05700039863586426, 0.0419468879699707, 0.039998531341552734, 0.0390019416809082, 0.038999319076538086, 0.040006160736083984, 0.041062116622924805, 0.03999686241149902, 0.04003787040710449, 0.038953304290771484, 0.03799843788146973, 0.039014339447021484, 0.04200577735900879, 0.05000162124633789, 0.04703187942504883, 0.0390012264251709, 0.04000115394592285, 0.03900766372680664, 0.0409543514251709, 0.04303431510925293, 0.049033164978027344, 0.03903913497924805, 0.03800201416015625]
other times
	mean -> 0.36928592522939047
	best -> 0.3219742774963379
	worst -> 0.5660395622253418
	[0.342052698135376, 0.32496047019958496, 0.5270004272460938, 0.3317532539367676, 0.44101881980895996, 0.38601016998291016, 0.5660395622253418, 0.5080502033233643, 0.338001012802124, 0.3430016040802002, 0.33203768730163574, 0.3329598903656006, 0.3299539089202881, 0.4561593532562256, 0.339000940322876, 0.323103666305542, 0.3300461769104004, 0.3219742774963379, 0.3279709815979004, 0.3529989719390869, 0.40400195121765137, 0.36600208282470703, 0.3299992084503174, 0.32401108741760254, 0.33500242233276367, 0.3540000915527344, 0.37096738815307617, 0.36896419525146484, 0.3340108394622803, 0.3375244140625]
----------------------------------------------------------------------------------------------------------------------------------------------------------------------------------------------------------------------------------------------------------------------------------------------------------------------------------------------------------------------------------------------------------------------------------------------------------------------------------------------------------------------------------------------------------------------------------------------------------------------------------------------------------------------------------------------------------------------------------------------------------------------------------------------------------------------------------------------------------------------------------------------------------------------------------------------------------------------------------------------------------------------------------------
DIMENSIONS -> 10
POP_SIZE -> 40
OPTIMIZATION FUNCTION -> rosenbrock_function
my results
	mean -> 2168.424688009666
	best -> 495.19313937
	worst -> 5255.84418564
	[1216.76843585, 1892.6709293, 3992.70664018, 1333.49145557, 3029.91958428, 1130.79544756, 1645.4712185, 495.19313937, 1859.02978815, 1380.95899443, 2002.48232009, 3527.67030722, 1137.06958721, 1981.70320076, 3879.79660045, 1647.47385996, 1606.51088424, 3549.26029996, 3205.85201052, 1850.87660908, 1963.37923688, 2572.67417121, 3406.00827694, 930.9571104, 5255.84418564, 664.30478072, 4035.08469941, 1059.65470594, 1293.97678199, 1505.15537848]
other results
	mean -> 2168.424688009666
	best -> 495.19313937
	worst -> 5255.84418564
	[1216.76843585, 1892.6709293, 3992.70664018, 1333.49145557, 3029.91958428, 1130.79544756, 1645.4712185, 495.19313937, 1859.02978815, 1380.95899443, 2002.48232009, 3527.67030722, 1137.06958721, 1981.70320076, 3879.79660045, 1647.47385996, 1606.51088424, 3549.26029996, 3205.85201052, 1850.87660908, 1963.37923688, 2572.67417121, 3406.00827694, 930.9571104, 5255.84418564, 664.30478072, 4035.08469941, 1059.65470594, 1293.97678199, 1505.15537848]
my times
	mean -> 0.046332168579101565
	best -> 0.03800535202026367
	worst -> 0.07505226135253906
	[0.0390009880065918, 0.03898906707763672, 0.0549473762512207, 0.04195117950439453, 0.039990901947021484, 0.03903627395629883, 0.041037797927856445, 0.03800535202026367, 0.041960954666137695, 0.038997650146484375, 0.05399298667907715, 0.04198575019836426, 0.05099844932556152, 0.04098820686340332, 0.04699516296386719, 0.040993452072143555, 0.04699897766113281, 0.04500174522399902, 0.048037052154541016, 0.0400395393371582, 0.04102587699890137, 0.042966365814208984, 0.05600118637084961, 0.06000256538391113, 0.05699563026428223, 0.07505226135253906, 0.04100203514099121, 0.04296064376831055, 0.05801129341125488, 0.045998334884643555]
other times
	mean -> 0.4263832966486613
	best -> 0.33499693870544434
	worst -> 0.7507410049438477
	[0.3420226573944092, 0.3440132141113281, 0.3930494785308838, 0.3430478572845459, 0.3399624824523926, 0.33588671684265137, 0.33499693870544434, 0.3423182964324951, 0.3450009822845459, 0.40801429748535156, 0.4750862121582031, 0.5569672584533691, 0.39205384254455566, 0.5779602527618408, 0.3860456943511963, 0.3459627628326416, 0.5600354671478271, 0.3719637393951416, 0.345963716506958, 0.336961030960083, 0.36800503730773926, 0.371004581451416, 0.6739928722381592, 0.6490292549133301, 0.7507410049438477, 0.4499826431274414, 0.3564023971557617, 0.46700143814086914, 0.47798895835876465, 0.3500378131866455]
----------------------------------------------------------------------------------------------------------------------------------------------------------------------------------------------------------------------------------------------------------------------------------------------------------------------------------------------------------------------------------------------------------------------------------------------------------------------------------------------------------------------------------------------------------------------------------------------------------------------------------------------------------------------------------------------------------------------------------------------------------------------------------------------------------------------------------------------------------------------------------------------------------------------------------------------------------------------------------------------------------------------------------------
DIMENSIONS -> 10
POP_SIZE -> 70
OPTIMIZATION FUNCTION -> rosenbrock_function
my results
	mean -> 7397.4896340056675
	best -> 1056.46067915
	worst -> 15697.90090181
	[9452.43623151, 6140.73951837, 6489.14658423, 1056.46067915, 8172.75698681, 13063.84464296, 1316.20806884, 8091.71888507, 3635.01009219, 6195.12767775, 7598.97100238, 10460.5187558, 4503.98093231, 8843.12819707, 9466.90624816, 9811.75591207, 6105.99755659, 15697.90090181, 7084.86869126, 6437.29520027, 10978.30242187, 3169.8910561, 7728.76275306, 12005.0469601, 6666.93208321, 12898.98579623, 6855.0207353, 3125.75242789, 4157.0867862, 4714.13523561]
other results
	mean -> 7397.4896340056675
	best -> 1056.46067915
	worst -> 15697.90090181
	[9452.43623151, 6140.73951837, 6489.14658423, 1056.46067915, 8172.75698681, 13063.84464296, 1316.20806884, 8091.71888507, 3635.01009219, 6195.12767775, 7598.97100238, 10460.5187558, 4503.98093231, 8843.12819707, 9466.90624816, 9811.75591207, 6105.99755659, 15697.90090181, 7084.86869126, 6437.29520027, 10978.30242187, 3169.8910561, 7728.76275306, 12005.0469601, 6666.93208321, 12898.98579623, 6855.0207353, 3125.75242789, 4157.0867862, 4714.13523561]
my times
	mean -> 0.04746708869934082
	best -> 0.03999662399291992
	worst -> 0.0769953727722168
	[0.04100203514099121, 0.05098128318786621, 0.05598926544189453, 0.0769953727722168, 0.0560612678527832, 0.04200148582458496, 0.04099869728088379, 0.06395864486694336, 0.04003787040710449, 0.042954206466674805, 0.040996551513671875, 0.04796242713928223, 0.03999662399291992, 0.044950246810913086, 0.04000234603881836, 0.04199624061584473, 0.04103994369506836, 0.04400229454040527, 0.0409543514251709, 0.0689995288848877, 0.04898881912231445, 0.043999433517456055, 0.0640251636505127, 0.04799842834472656, 0.04104423522949219, 0.041037559509277344, 0.04303717613220215, 0.04600167274475098, 0.03999900817871094, 0.04600048065185547]
other times
	mean -> 0.4337831735610962
	best -> 0.3380002975463867
	worst -> 0.7589986324310303
	[0.3980226516723633, 0.7589986324310303, 0.6869745254516602, 0.7539987564086914, 0.41494107246398926, 0.35103607177734375, 0.3540031909942627, 0.3510000705718994, 0.3420093059539795, 0.3380002975463867, 0.36004090309143066, 0.36003947257995605, 0.3510105609893799, 0.3560009002685547, 0.3690004348754883, 0.34400224685668945, 0.36395955085754395, 0.35404539108276367, 0.6389234066009521, 0.6330468654632568, 0.35796666145324707, 0.6700146198272705, 0.5569982528686523, 0.37705373764038086, 0.34035634994506836, 0.36501049995422363, 0.3579905033111572, 0.35105037689208984, 0.3950002193450928, 0.36299967765808105]
----------------------------------------------------------------------------------------------------------------------------------------------------------------------------------------------------------------------------------------------------------------------------------------------------------------------------------------------------------------------------------------------------------------------------------------------------------------------------------------------------------------------------------------------------------------------------------------------------------------------------------------------------------------------------------------------------------------------------------------------------------------------------------------------------------------------------------------------------------------------------------------------------------------------------------------------------------------------------------------------------------------------------------------
DIMENSIONS -> 20
POP_SIZE -> 10
OPTIMIZATION FUNCTION -> rosenbrock_function
my results
	mean -> 11348.886183887998
	best -> 3094.01081197
	worst -> 26420.35417579
	[5003.67083204, 16192.52665774, 12058.62198605, 11417.46349352, 11359.34144942, 26420.35417579, 15704.69050291, 3094.01081197, 7544.8987678, 8007.83527753, 14518.27173007, 5923.93525268, 7156.73806568, 5263.19288733, 7279.96046677, 5823.42805666, 7219.99290779, 7860.90486411, 22235.95901158, 14414.99435661, 9057.36354445, 4303.23237031, 4835.33877039, 15617.54733504, 15342.22600856, 9495.47907391, 23288.71892972, 15413.94726652, 14567.22413478, 14044.71652891]
other results
	mean -> 11348.886183887998
	best -> 3094.01081197
	worst -> 26420.35417579
	[5003.67083204, 16192.52665774, 12058.62198605, 11417.46349352, 11359.34144942, 26420.35417579, 15704.69050291, 3094.01081197, 7544.8987678, 8007.83527753, 14518.27173007, 5923.93525268, 7156.73806568, 5263.19288733, 7279.96046677, 5823.42805666, 7219.99290779, 7860.90486411, 22235.95901158, 14414.99435661, 9057.36354445, 4303.23237031, 4835.33877039, 15617.54733504, 15342.22600856, 9495.47907391, 23288.71892972, 15413.94726652, 14567.22413478, 14044.71652891]
my times
	mean -> 0.08014291127522787
	best -> 0.07404136657714844
	worst -> 0.08899974822998047
	[0.07799959182739258, 0.08396291732788086, 0.08199882507324219, 0.07703900337219238, 0.07799768447875977, 0.08899903297424316, 0.07798409461975098, 0.08500123023986816, 0.0780031681060791, 0.07499933242797852, 0.08803749084472656, 0.07500004768371582, 0.07503890991210938, 0.08300304412841797, 0.0789947509765625, 0.0790395736694336, 0.08599996566772461, 0.07703685760498047, 0.07799959182739258, 0.07903647422790527, 0.07404136657714844, 0.08699679374694824, 0.07903480529785156, 0.07604217529296875, 0.0809638500213623, 0.07600283622741699, 0.08899974822998047, 0.07703685760498047, 0.07799935340881348, 0.08399796485900879]
other times
	mean -> 0.36608970959981285
	best -> 0.3419971466064453
	worst -> 0.3929626941680908
	[0.3500392436981201, 0.3839986324310303, 0.37200045585632324, 0.384960412979126, 0.3489656448364258, 0.3820533752441406, 0.37096428871154785, 0.3769967555999756, 0.3419971466064453, 0.36100029945373535, 0.35996222496032715, 0.3430001735687256, 0.3929626941680908, 0.38103771209716797, 0.37096309661865234, 0.35096049308776855, 0.375, 0.3529634475708008, 0.3840007781982422, 0.3499634265899658, 0.3519611358642578, 0.3710019588470459, 0.35096168518066406, 0.37299418449401855, 0.35500049591064453, 0.35199713706970215, 0.3789999485015869, 0.3789830207824707, 0.37600255012512207, 0.36099886894226074]
----------------------------------------------------------------------------------------------------------------------------------------------------------------------------------------------------------------------------------------------------------------------------------------------------------------------------------------------------------------------------------------------------------------------------------------------------------------------------------------------------------------------------------------------------------------------------------------------------------------------------------------------------------------------------------------------------------------------------------------------------------------------------------------------------------------------------------------------------------------------------------------------------------------------------------------------------------------------------------------------------------------------------------------
DIMENSIONS -> 20
POP_SIZE -> 40
OPTIMIZATION FUNCTION -> rosenbrock_function
my results
	mean -> 72877.75402478901
	best -> 28884.14299
	worst -> 136013.00259727
	[69832.82080895, 54002.49493404, 99211.1030662, 28884.14299, 73733.08961553, 70865.51652789, 66311.72458238, 67983.03238975, 82039.21128308, 46363.43392595, 79689.40718419, 80954.22659434, 61255.48583613, 81599.53046508, 94857.07624205, 80223.51077614, 67757.53264197, 75489.54521085, 69520.65594583, 43241.70502362, 54896.92343487, 136013.00259727, 64815.38827955, 68829.36197915, 57818.728883, 57013.33944638, 117032.98245538, 98344.21844858, 68925.21449494, 68828.21468058]
other results
	mean -> 72877.75402478901
	best -> 28884.14299
	worst -> 136013.00259727
	[69832.82080895, 54002.49493404, 99211.1030662, 28884.14299, 73733.08961553, 70865.51652789, 66311.72458238, 67983.03238975, 82039.21128308, 46363.43392595, 79689.40718419, 80954.22659434, 61255.48583613, 81599.53046508, 94857.07624205, 80223.51077614, 67757.53264197, 75489.54521085, 69520.65594583, 43241.70502362, 54896.92343487, 136013.00259727, 64815.38827955, 68829.36197915, 57818.728883, 57013.33944638, 117032.98245538, 98344.21844858, 68925.21449494, 68828.21468058]
my times
	mean -> 0.08128003279368083
	best -> 0.07600140571594238
	worst -> 0.08804130554199219
	[0.07900071144104004, 0.08100175857543945, 0.08003497123718262, 0.07700014114379883, 0.08804130554199219, 0.07803726196289062, 0.07600140571594238, 0.08400321006774902, 0.07603645324707031, 0.08300018310546875, 0.08100199699401855, 0.07603979110717773, 0.08499979972839355, 0.07898926734924316, 0.08099555969238281, 0.08003473281860352, 0.08003425598144531, 0.0859987735748291, 0.08503556251525879, 0.08700251579284668, 0.08100366592407227, 0.08099961280822754, 0.08499860763549805, 0.08103656768798828, 0.08003759384155273, 0.08603501319885254, 0.07799959182739258, 0.08500218391418457, 0.08099961280822754, 0.07799887657165527]
other times
	mean -> 0.3806705633799235
	best -> 0.3563718795776367
	worst -> 0.40929222106933594
	[0.3790004253387451, 0.4009990692138672, 0.3659658432006836, 0.37299680709838867, 0.379960298538208, 0.3563718795776367, 0.3879992961883545, 0.36699724197387695, 0.3629629611968994, 0.3860344886779785, 0.36396265029907227, 0.3869614601135254, 0.373476505279541, 0.36200451850891113, 0.39400267601013184, 0.3629646301269531, 0.38400745391845703, 0.39600205421447754, 0.4019651412963867, 0.3809959888458252, 0.3923325538635254, 0.40929222106933594, 0.4030013084411621, 0.3679623603820801, 0.3959648609161377, 0.3779635429382324, 0.36176633834838867, 0.39803504943847656, 0.36420655250549316, 0.3839607238769531]
----------------------------------------------------------------------------------------------------------------------------------------------------------------------------------------------------------------------------------------------------------------------------------------------------------------------------------------------------------------------------------------------------------------------------------------------------------------------------------------------------------------------------------------------------------------------------------------------------------------------------------------------------------------------------------------------------------------------------------------------------------------------------------------------------------------------------------------------------------------------------------------------------------------------------------------------------------------------------------------------------------------------------------------
DIMENSIONS -> 20
POP_SIZE -> 70
OPTIMIZATION FUNCTION -> rosenbrock_function
my results
	mean -> 123651.61671700733
	best -> 43134.86561944
	worst -> 205150.6099772
	[105333.16229339, 91413.75438508, 193206.43219456, 187120.2137149, 134807.31195277, 125293.72320268, 165324.51592596, 102923.75043274, 93964.34992973, 141946.27463944, 133875.33268738, 43134.86561944, 95814.89776464, 69222.65129774, 103190.89644014, 156574.14280381, 84328.57449703, 89759.17503577, 171605.66919245, 129937.28236763, 89702.69619681, 119056.53261719, 125301.5676798, 205150.6099772, 153564.04402423, 46515.53489673, 74762.4658497, 150530.63626697, 204304.7332003, 121882.70442401]
other results
	mean -> 123651.61671700733
	best -> 43134.86561944
	worst -> 205150.6099772
	[105333.16229339, 91413.75438508, 193206.43219456, 187120.2137149, 134807.31195277, 125293.72320268, 165324.51592596, 102923.75043274, 93964.34992973, 141946.27463944, 133875.33268738, 43134.86561944, 95814.89776464, 69222.65129774, 103190.89644014, 156574.14280381, 84328.57449703, 89759.17503577, 171605.66919245, 129937.28236763, 89702.69619681, 119056.53261719, 125301.5676798, 205150.6099772, 153564.04402423, 46515.53489673, 74762.4658497, 150530.63626697, 204304.7332003, 121882.70442401]
my times
	mean -> 0.09384214878082275
	best -> 0.08100056648254395
	worst -> 0.12899994850158691
	[0.0890357494354248, 0.08100056648254395, 0.08494877815246582, 0.08403587341308594, 0.08399558067321777, 0.08798718452453613, 0.08403778076171875, 0.08500051498413086, 0.0830373764038086, 0.08700442314147949, 0.09200191497802734, 0.08600497245788574, 0.10700035095214844, 0.09903168678283691, 0.10703563690185547, 0.1119992733001709, 0.11300015449523926, 0.10300660133361816, 0.12899994850158691, 0.12600207328796387, 0.10199975967407227, 0.0859675407409668, 0.08800196647644043, 0.08303546905517578, 0.08903813362121582, 0.082977294921875, 0.09799742698669434, 0.08504247665405273, 0.08899903297424316, 0.08803892135620117]
other times
	mean -> 0.42739508152008054
	best -> 0.37301206588745117
	worst -> 0.5129992961883545
	[0.3900120258331299, 0.37301206588745117, 0.397000789642334, 0.3880031108856201, 0.40201258659362793, 0.38796472549438477, 0.3739652633666992, 0.40999722480773926, 0.3889613151550293, 0.40999698638916016, 0.4159970283508301, 0.45600128173828125, 0.47299957275390625, 0.49996495246887207, 0.49196863174438477, 0.49300098419189453, 0.4879941940307617, 0.49999499320983887, 0.5129992961883545, 0.4589955806732178, 0.4250345230102539, 0.40799903869628906, 0.4010446071624756, 0.4169638156890869, 0.3970222473144531, 0.40296244621276855, 0.44896531105041504, 0.38600635528564453, 0.43900108337402344, 0.38601040840148926]
----------------------------------------------------------------------------------------------------------------------------------------------------------------------------------------------------------------------------------------------------------------------------------------------------------------------------------------------------------------------------------------------------------------------------------------------------------------------------------------------------------------------------------------------------------------------------------------------------------------------------------------------------------------------------------------------------------------------------------------------------------------------------------------------------------------------------------------------------------------------------------------------------------------------------------------------------------------------------------------------------------------------------------------
DIMENSIONS -> 10
POP_SIZE -> 10
OPTIMIZATION FUNCTION -> zakharov_function
my results
	mean -> 4.3113578483333335
	best -> 1.45066445
	worst -> 9.2669231
	[4.15603597, 8.31014001, 6.43770704, 2.77224131, 3.56246522, 3.64915713, 9.2669231, 2.2018952, 5.70695628, 4.72637446, 1.45066445, 3.16775764, 2.51784423, 3.1027527, 2.70747062, 6.81185228, 2.59371332, 3.99665689, 7.74060012, 4.10791964, 3.61208569, 4.57467728, 4.93631828, 3.07278203, 5.80182247, 3.66149087, 3.12801382, 6.28017708, 2.66841047, 2.61782985]
other results
	mean -> 4.3113578483333335
	best -> 1.45066445
	worst -> 9.2669231
	[4.15603597, 8.31014001, 6.43770704, 2.77224131, 3.56246522, 3.64915713, 9.2669231, 2.2018952, 5.70695628, 4.72637446, 1.45066445, 3.16775764, 2.51784423, 3.1027527, 2.70747062, 6.81185228, 2.59371332, 3.99665689, 7.74060012, 4.10791964, 3.61208569, 4.57467728, 4.93631828, 3.07278203, 5.80182247, 3.66149087, 3.12801382, 6.28017708, 2.66841047, 2.61782985]
my times
	mean -> 0.04683303038279216
	best -> 0.04199934005737305
	worst -> 0.060996055603027344
	[0.04303622245788574, 0.046956539154052734, 0.04303455352783203, 0.04298877716064453, 0.04503607749938965, 0.04200243949890137, 0.053002119064331055, 0.046991586685180664, 0.04199934005737305, 0.05700087547302246, 0.04500293731689453, 0.0439603328704834, 0.04603457450866699, 0.04899907112121582, 0.050957679748535156, 0.044000864028930664, 0.04398393630981445, 0.060996055603027344, 0.050035953521728516, 0.04700350761413574, 0.05003094673156738, 0.04695582389831543, 0.04599738121032715, 0.043964385986328125, 0.046000003814697266, 0.04399752616882324, 0.046999454498291016, 0.0449986457824707, 0.043988943099975586, 0.04903435707092285]
other times
	mean -> 0.39015018145243324
	best -> 0.3660132884979248
	worst -> 0.4680020809173584
	[0.4070115089416504, 0.3729977607727051, 0.3660132884979248, 0.41396045684814453, 0.3709986209869385, 0.3679630756378174, 0.3860442638397217, 0.367999792098999, 0.3919663429260254, 0.39699578285217285, 0.36803579330444336, 0.38900232315063477, 0.3700132369995117, 0.4030454158782959, 0.3920450210571289, 0.3800163269042969, 0.4349665641784668, 0.4680020809173584, 0.4319632053375244, 0.396970272064209, 0.39232778549194336, 0.39403700828552246, 0.37400078773498535, 0.38700008392333984, 0.37629246711730957, 0.3749980926513672, 0.3939998149871826, 0.36790919303894043, 0.3869631290435791, 0.3809659481048584]
----------------------------------------------------------------------------------------------------------------------------------------------------------------------------------------------------------------------------------------------------------------------------------------------------------------------------------------------------------------------------------------------------------------------------------------------------------------------------------------------------------------------------------------------------------------------------------------------------------------------------------------------------------------------------------------------------------------------------------------------------------------------------------------------------------------------------------------------------------------------------------------------------------------------------------------------------------------------------------------------------------------------------------------
DIMENSIONS -> 10
POP_SIZE -> 40
OPTIMIZATION FUNCTION -> zakharov_function
my results
	mean -> 28.911756365666673
	best -> 5.67191442
	worst -> 56.25379072
	[22.79398778, 33.17012763, 19.74610194, 32.94465865, 36.75697413, 34.91522348, 40.46872917, 26.77517822, 25.70366708, 25.23592584, 22.30412944, 9.30061144, 28.25614005, 32.1638836, 39.20979933, 32.49672243, 33.56790372, 42.61144077, 5.67191442, 31.78896793, 19.85672918, 30.84241505, 56.25379072, 17.99973367, 20.89906938, 31.71358837, 54.64314931, 15.8131959, 26.22996778, 17.21896456]
other results
	mean -> 28.911756365666673
	best -> 5.67191442
	worst -> 56.25379072
	[22.79398778, 33.17012763, 19.74610194, 32.94465865, 36.75697413, 34.91522348, 40.46872917, 26.77517822, 25.70366708, 25.23592584, 22.30412944, 9.30061144, 28.25614005, 32.1638836, 39.20979933, 32.49672243, 33.56790372, 42.61144077, 5.67191442, 31.78896793, 19.85672918, 30.84241505, 56.25379072, 17.99973367, 20.89906938, 31.71358837, 54.64314931, 15.8131959, 26.22996778, 17.21896456]
my times
	mean -> 0.047328678766886394
	best -> 0.04303765296936035
	worst -> 0.05800008773803711
	[0.048000335693359375, 0.04598116874694824, 0.04595065116882324, 0.04596090316772461, 0.043999433517456055, 0.045957088470458984, 0.04400038719177246, 0.05200028419494629, 0.044998884201049805, 0.04303765296936035, 0.04795098304748535, 0.04800128936767578, 0.049033164978027344, 0.04699969291687012, 0.04503917694091797, 0.050997257232666016, 0.045989990234375, 0.044033050537109375, 0.048987388610839844, 0.0459904670715332, 0.04499483108520508, 0.0460362434387207, 0.05298805236816406, 0.05800008773803711, 0.05103754997253418, 0.050040245056152344, 0.04495096206665039, 0.04595470428466797, 0.04599618911743164, 0.046952247619628906]
other times
	mean -> 0.3923156261444092
	best -> 0.3690013885498047
	worst -> 0.4270014762878418
	[0.3950185775756836, 0.4070112705230713, 0.38204312324523926, 0.3690013885498047, 0.39504289627075195, 0.37734532356262207, 0.38600945472717285, 0.3959991931915283, 0.37200236320495605, 0.3850109577178955, 0.4150364398956299, 0.39783406257629395, 0.4039645195007324, 0.4010016918182373, 0.37496161460876465, 0.3980085849761963, 0.3820054531097412, 0.3920118808746338, 0.3870127201080322, 0.37500929832458496, 0.39804816246032715, 0.382007360458374, 0.3809659481048584, 0.4270014762878418, 0.4169619083404541, 0.3960094451904297, 0.4100468158721924, 0.38800048828125, 0.4010467529296875, 0.3780496120452881]
----------------------------------------------------------------------------------------------------------------------------------------------------------------------------------------------------------------------------------------------------------------------------------------------------------------------------------------------------------------------------------------------------------------------------------------------------------------------------------------------------------------------------------------------------------------------------------------------------------------------------------------------------------------------------------------------------------------------------------------------------------------------------------------------------------------------------------------------------------------------------------------------------------------------------------------------------------------------------------------------------------------------------------------
DIMENSIONS -> 10
POP_SIZE -> 70
OPTIMIZATION FUNCTION -> zakharov_function
my results
	mean -> 48.496720260666656
	best -> 26.62315099
	worst -> 83.68981592
	[35.02547248, 43.31155657, 45.23381774, 51.6487741, 42.11660778, 69.32420356, 46.34893636, 69.53070422, 33.89010302, 55.65624001, 52.20047673, 46.43564388, 43.37391169, 42.14973004, 38.11334368, 45.10561902, 33.8117871, 61.50350846, 48.17765084, 69.81678198, 26.62315099, 61.90800466, 38.39064199, 83.68981592, 29.70019345, 59.60979241, 53.089655, 51.69883925, 27.458782, 49.95786289]
other results
	mean -> 48.496720260666656
	best -> 26.62315099
	worst -> 83.68981592
	[35.02547248, 43.31155657, 45.23381774, 51.6487741, 42.11660778, 69.32420356, 46.34893636, 69.53070422, 33.89010302, 55.65624001, 52.20047673, 46.43564388, 43.37391169, 42.14973004, 38.11334368, 45.10561902, 33.8117871, 61.50350846, 48.17765084, 69.81678198, 26.62315099, 61.90800466, 38.39064199, 83.68981592, 29.70019345, 59.60979241, 53.089655, 51.69883925, 27.458782, 49.95786289]
my times
	mean -> 0.0463648001352946
	best -> 0.04296135902404785
	worst -> 0.05199909210205078
	[0.0449986457824707, 0.04599714279174805, 0.044950008392333984, 0.05099940299987793, 0.04497933387756348, 0.04503679275512695, 0.05100369453430176, 0.04898953437805176, 0.044951677322387695, 0.04499483108520508, 0.044998884201049805, 0.044998884201049805, 0.04603242874145508, 0.04402923583984375, 0.04799938201904297, 0.04498887062072754, 0.04498434066772461, 0.04703330993652344, 0.04503321647644043, 0.04697012901306152, 0.046948909759521484, 0.04500579833984375, 0.04803609848022461, 0.04600119590759277, 0.04403281211853027, 0.04601120948791504, 0.04597640037536621, 0.04296135902404785, 0.05199909210205078, 0.05000138282775879]
other times
	mean -> 0.39353732268015545
	best -> 0.3759734630584717
	worst -> 0.4169657230377197
	[0.410996675491333, 0.38101792335510254, 0.38000059127807617, 0.39705777168273926, 0.37896275520324707, 0.38296031951904297, 0.41504597663879395, 0.388012170791626, 0.41504454612731934, 0.3840513229370117, 0.37695956230163574, 0.4040036201477051, 0.3759734630584717, 0.38596105575561523, 0.39405155181884766, 0.3770122528076172, 0.4089679718017578, 0.3829658031463623, 0.3809940814971924, 0.40204930305480957, 0.39603567123413086, 0.3929619789123535, 0.39496302604675293, 0.3950011730194092, 0.4010775089263916, 0.3889899253845215, 0.3760342597961426, 0.41300177574157715, 0.4089999198913574, 0.4169657230377197]
----------------------------------------------------------------------------------------------------------------------------------------------------------------------------------------------------------------------------------------------------------------------------------------------------------------------------------------------------------------------------------------------------------------------------------------------------------------------------------------------------------------------------------------------------------------------------------------------------------------------------------------------------------------------------------------------------------------------------------------------------------------------------------------------------------------------------------------------------------------------------------------------------------------------------------------------------------------------------------------------------------------------------------------
DIMENSIONS -> 20
POP_SIZE -> 10
OPTIMIZATION FUNCTION -> zakharov_function
my results
	mean -> 70.29522264333333
	best -> 36.70744819
	worst -> 125.11629944
	[48.74878109, 61.21425628, 48.47998062, 59.08961768, 50.02962982, 112.84923745, 89.74575091, 76.10917047, 125.11629944, 60.22803959, 105.56985998, 68.28811829, 68.12924882, 60.11440628, 61.08663618, 47.85355761, 57.90300437, 60.86495435, 36.70744819, 61.87864362, 60.93458683, 44.7882263, 123.31297193, 94.15581716, 112.04556643, 50.9288722, 82.06227375, 55.21689048, 75.44913832, 49.95569486]
other results
	mean -> 70.29522264333333
	best -> 36.70744819
	worst -> 125.11629944
	[48.74878109, 61.21425628, 48.47998062, 59.08961768, 50.02962982, 112.84923745, 89.74575091, 76.10917047, 125.11629944, 60.22803959, 105.56985998, 68.28811829, 68.12924882, 60.11440628, 61.08663618, 47.85355761, 57.90300437, 60.86495435, 36.70744819, 61.87864362, 60.93458683, 44.7882263, 123.31297193, 94.15581716, 112.04556643, 50.9288722, 82.06227375, 55.21689048, 75.44913832, 49.95569486]
my times
	mean -> 0.08417549133300781
	best -> 0.07703638076782227
	worst -> 0.10499906539916992
	[0.08300232887268066, 0.0800013542175293, 0.08096551895141602, 0.0800008773803711, 0.08100223541259766, 0.08003497123718262, 0.07803559303283691, 0.10499906539916992, 0.09203481674194336, 0.08500051498413086, 0.08396744728088379, 0.07799887657165527, 0.08503985404968262, 0.07995462417602539, 0.09199094772338867, 0.07803559303283691, 0.0989990234375, 0.0779886245727539, 0.07703638076782227, 0.08300137519836426, 0.07803869247436523, 0.09799909591674805, 0.07903861999511719, 0.07803654670715332, 0.08503556251525879, 0.08299994468688965, 0.08403658866882324, 0.0839993953704834, 0.0889892578125, 0.08800101280212402]
other times
	mean -> 0.4043603738149007
	best -> 0.3739643096923828
	worst -> 0.46000003814697266
	[0.41199779510498047, 0.38899827003479004, 0.4080362319946289, 0.37999749183654785, 0.4089651107788086, 0.3849642276763916, 0.4279637336730957, 0.46000003814697266, 0.4029691219329834, 0.4269983768463135, 0.4029967784881592, 0.42600154876708984, 0.40100789070129395, 0.41204404830932617, 0.41901159286499023, 0.38196635246276855, 0.401047945022583, 0.3739643096923828, 0.402008056640625, 0.3819997310638428, 0.3839602470397949, 0.3989994525909424, 0.37996411323547363, 0.39896154403686523, 0.4219996929168701, 0.4069638252258301, 0.40096616744995117, 0.4300506114959717, 0.41196227073669434, 0.3940446376800537]
----------------------------------------------------------------------------------------------------------------------------------------------------------------------------------------------------------------------------------------------------------------------------------------------------------------------------------------------------------------------------------------------------------------------------------------------------------------------------------------------------------------------------------------------------------------------------------------------------------------------------------------------------------------------------------------------------------------------------------------------------------------------------------------------------------------------------------------------------------------------------------------------------------------------------------------------------------------------------------------------------------------------------------------
DIMENSIONS -> 20
POP_SIZE -> 40
OPTIMIZATION FUNCTION -> zakharov_function
my results
	mean -> 203.4830914953333
	best -> 114.03297193
	worst -> 283.94511823
	[214.30406498, 170.29668242, 159.20394744, 225.78073892, 212.09792275, 185.54981107, 271.97107301, 165.64493806, 254.89588908, 184.53200203, 228.518187, 283.94511823, 233.22030975, 234.04506972, 114.03297193, 195.81133305, 216.70609197, 198.67646156, 131.40854248, 191.8910139, 200.81393875, 191.1477526, 261.71566782, 141.07776392, 188.51478376, 169.52515777, 160.98594199, 234.18047915, 275.19781674, 208.80127301]
other results
	mean -> 203.4830914953333
	best -> 114.03297193
	worst -> 283.94511823
	[214.30406498, 170.29668242, 159.20394744, 225.78073892, 212.09792275, 185.54981107, 271.97107301, 165.64493806, 254.89588908, 184.53200203, 228.518187, 283.94511823, 233.22030975, 234.04506972, 114.03297193, 195.81133305, 216.70609197, 198.67646156, 131.40854248, 191.8910139, 200.81393875, 191.1477526, 261.71566782, 141.07776392, 188.51478376, 169.52515777, 160.98594199, 234.18047915, 275.19781674, 208.80127301]
my times
	mean -> 0.08503851890563965
	best -> 0.07698726654052734
	worst -> 0.11199402809143066
	[0.08299899101257324, 0.08201909065246582, 0.08700013160705566, 0.08104228973388672, 0.07796335220336914, 0.08203697204589844, 0.08200526237487793, 0.0870368480682373, 0.0819997787475586, 0.08700156211853027, 0.08700299263000488, 0.08499789237976074, 0.07895302772521973, 0.07698726654052734, 0.0819549560546875, 0.07803869247436523, 0.11199402809143066, 0.08303523063659668, 0.08603525161743164, 0.08003854751586914, 0.07700300216674805, 0.07895088195800781, 0.09203839302062988, 0.08800363540649414, 0.08603572845458984, 0.09603524208068848, 0.07995319366455078, 0.08200359344482422, 0.1009988784790039, 0.08999085426330566]
other times
	mean -> 0.41298623085021974
	best -> 0.37404465675354004
	worst -> 0.45296478271484375
	[0.4180147647857666, 0.39696741104125977, 0.4120006561279297, 0.38799381256103516, 0.41899919509887695, 0.39696216583251953, 0.40599584579467773, 0.4249992370605469, 0.41596531867980957, 0.41299867630004883, 0.4159982204437256, 0.4040486812591553, 0.38104772567749023, 0.4040100574493408, 0.3820009231567383, 0.45296478271484375, 0.4270005226135254, 0.42696475982666016, 0.3909635543823242, 0.38196277618408203, 0.37404465675354004, 0.44300150871276855, 0.4489610195159912, 0.43799591064453125, 0.431964635848999, 0.3980133533477783, 0.42204737663269043, 0.3979604244232178, 0.4460477828979492, 0.43169116973876953]
----------------------------------------------------------------------------------------------------------------------------------------------------------------------------------------------------------------------------------------------------------------------------------------------------------------------------------------------------------------------------------------------------------------------------------------------------------------------------------------------------------------------------------------------------------------------------------------------------------------------------------------------------------------------------------------------------------------------------------------------------------------------------------------------------------------------------------------------------------------------------------------------------------------------------------------------------------------------------------------------------------------------------------------
DIMENSIONS -> 20
POP_SIZE -> 70
OPTIMIZATION FUNCTION -> zakharov_function
my results
	mean -> 241.47074178466664
	best -> 155.78768519
	worst -> 329.37805832
	[232.75356572, 276.58567531, 203.7121427, 271.576803, 190.17166488, 265.2590467, 209.39899403, 223.74697965, 229.3872255, 243.13247867, 224.59390013, 229.62667016, 172.18319523, 303.74790996, 266.82932322, 236.97023721, 240.59491785, 194.02012228, 329.37805832, 155.78768519, 251.79093137, 222.67423418, 276.04216468, 287.58922299, 316.76385299, 240.05108308, 239.57346846, 260.98887782, 232.38035575, 216.81146651]
other results
	mean -> 241.47074178466664
	best -> 155.78768519
	worst -> 329.37805832
	[232.75356572, 276.58567531, 203.7121427, 271.576803, 190.17166488, 265.2590467, 209.39899403, 223.74697965, 229.3872255, 243.13247867, 224.59390013, 229.62667016, 172.18319523, 303.74790996, 266.82932322, 236.97023721, 240.59491785, 194.02012228, 329.37805832, 155.78768519, 251.79093137, 222.67423418, 276.04216468, 287.58922299, 316.76385299, 240.05108308, 239.57346846, 260.98887782, 232.38035575, 216.81146651]
my times
	mean -> 0.07799572149912516
	best -> 0.0729975700378418
	worst -> 0.0890343189239502
	[0.0859975814819336, 0.0890343189239502, 0.07703518867492676, 0.07800078392028809, 0.07896184921264648, 0.07799601554870605, 0.07503604888916016, 0.07599759101867676, 0.07995009422302246, 0.07600092887878418, 0.07895183563232422, 0.08599996566772461, 0.07800030708312988, 0.07503533363342285, 0.0780344009399414, 0.07600569725036621, 0.0780329704284668, 0.07595062255859375, 0.08201026916503906, 0.0759882926940918, 0.07699060440063477, 0.07503890991210938, 0.0729975700378418, 0.07496380805969238, 0.07300233840942383, 0.0769965648651123, 0.0769498348236084, 0.07694005966186523, 0.07300758361816406, 0.08496427536010742]
other times
	mean -> 0.38727811177571614
	best -> 0.3730010986328125
	worst -> 0.4319639205932617
	[0.4319639205932617, 0.40796494483947754, 0.38996458053588867, 0.39703798294067383, 0.387035608291626, 0.38700342178344727, 0.38196587562561035, 0.38704729080200195, 0.385037899017334, 0.383012056350708, 0.42499780654907227, 0.4000375270843506, 0.3829672336578369, 0.38196444511413574, 0.384993314743042, 0.39096498489379883, 0.3830127716064453, 0.38202881813049316, 0.38416528701782227, 0.3750126361846924, 0.37495899200439453, 0.3730010986328125, 0.3820023536682129, 0.37404704093933105, 0.3789646625518799, 0.3820517063140869, 0.382061243057251, 0.38002681732177734, 0.3730018138885498, 0.3900492191314697]
----------------------------------------------------------------------------------------------------------------------------------------------------------------------------------------------------------------------------------------------------------------------------------------------------------------------------------------------------------------------------------------------------------------------------------------------------------------------------------------------------------------------------------------------------------------------------------------------------------------------------------------------------------------------------------------------------------------------------------------------------------------------------------------------------------------------------------------------------------------------------------------------------------------------------------------------------------------------------------------------------------------------------------------
