POP_SIZE -> 10
OPTIMIZATION FUNCTION -> levy_function
my results
	mean -> 2.0561459034856474e-18
	best -> 1.4997597826618576e-32
	[9.139479883903229e-27, 1.9794548514792283e-21, 7.825521604185708e-22, 5.84914376757464e-24, 1.8151981237043177e-21, 2.1541751660231417e-21, 3.660571185958734e-20, 7.119483480379939e-23, 1.9700252933263127e-24, 1.3071766378285322e-21, 1.8975323597643873e-21, 1.7853919711689048e-25, 1.5389547380427824e-23, 6.497026094048404e-23, 1.320359950541544e-22, 8.490863228665146e-24, 4.202475742360448e-25, 1.4997597826618576e-32, 3.1782820551467566e-18, 1.9826850111564947e-23, 1.6179191627029568e-21, 1.573649935804769e-17, 1.2839890179663457e-20, 4.270705988502573e-17, 5.5933454129880485e-22, 5.274519052389169e-22, 1.37392758988911e-23, 2.8209379427867083e-23, 8.710326712292126e-23, 2.2032242500020724e-26]
other results
	mean -> 0.0003539740912031423
	best -> 6.292890229679374e-05
	[0.0005456385044727092, 0.00044951759519581665, 0.0006938018382263885, 0.00014043458727961238, 0.00018728576146380903, 0.000334060885992424, 0.0010409881437657212, 0.00011173111208230473, 0.00022508967781591522, 0.00034293432611190694, 0.00023224661323676258, 0.0003380152635637757, 0.00010308893711635973, 0.0001375381246117339, 0.00021994442559971622, 0.0001246700706488786, 0.0003948332214139822, 0.0005240467681012392, 0.00018119325353031562, 6.292890229679374e-05, 0.0003375768227337458, 0.0005305072123840319, 0.00031575586434094325, 0.0001305028021442556, 0.0002465130243486359, 0.0010489048092752332, 0.00013851189691989818, 0.00023871318054640765, 0.00040860591907052144, 0.0008336431918044293]
----------------------------------------------------------------------------------------------------------------------------------------------------------------------------------------------------------------------------------------------------------------------------------------------------------------------------------------------------------------------------------------------------------------------------------------------------------------------------------------------------------------------------------------------------------------------------------------------------------------------------------------------------------------------------------------------------------------------------------------------------------------------------------------------------------------------------------------------------------------------------------------------------------------------------------------------------------------------------------------------------------------------------------------
POP_SIZE -> 40
OPTIMIZATION FUNCTION -> levy_function
my results
	mean -> 0.0015859204229878977
	best -> 1.4929824150150379e-28
	[1.6572620677051186e-26, 3.801617527520895e-22, 5.1528710202027586e-17, 0.04707536195110981, 2.531165881118955e-18, 2.343277512008614e-19, 3.4628147144759e-22, 1.6691403747753217e-21, 1.4929824150150379e-28, 3.393008113358201e-24, 6.728509479282867e-23, 6.052739838802099e-25, 2.0413728647440885e-19, 2.7418793665194716e-16, 1.5707070176213265e-26, 5.731203273739666e-28, 2.3884246873075338e-21, 1.1390445138905133e-24, 1.507693609555734e-22, 0.000502250738526793, 5.8714365437961185e-21, 1.8577834544679114e-23, 3.856686620732852e-24, 4.158326891327018e-22, 1.1557979542835777e-26, 1.5981605515999794e-23, 3.562718402701964e-21, 3.191595307880346e-26, 1.5666516462327648e-21, 1.506487589990991e-25]
other results
	mean -> 0.0034541671887011187
	best -> 0.00041078385357611903
	[0.00041078385357611903, 0.0005038532363327733, 0.004457493137417419, 0.0026941023471660497, 0.0014649347540202338, 0.0009423813463504342, 0.011228663050386738, 0.003079723407446843, 0.0006266062733771002, 0.0043082303621620015, 0.0034519585507756597, 0.0025508614385639497, 0.01047956598272071, 0.0005807811574584777, 0.005499648426827563, 0.012311099428310927, 0.0006230466470929926, 0.008396727066404566, 0.002642894366613922, 0.0018334976211831916, 0.0006752127280434719, 0.001215293984721373, 0.0012771021422922494, 0.0011026915830236344, 0.0011367458533294457, 0.007031558579987617, 0.003686044351068593, 0.0030427210880524373, 0.003291409383525543, 0.00307938351280153]
----------------------------------------------------------------------------------------------------------------------------------------------------------------------------------------------------------------------------------------------------------------------------------------------------------------------------------------------------------------------------------------------------------------------------------------------------------------------------------------------------------------------------------------------------------------------------------------------------------------------------------------------------------------------------------------------------------------------------------------------------------------------------------------------------------------------------------------------------------------------------------------------------------------------------------------------------------------------------------------------------------------------------------------
POP_SIZE -> 70
OPTIMIZATION FUNCTION -> levy_function
my results
	mean -> 0.00037810086737053507
	best -> 7.09123718784692e-24
	[1.4210932392446656e-13, 1.0132806344985079e-16, 2.677189885244581e-05, 1.558156480672307e-17, 2.5555707008019304e-05, 1.305208869892678e-15, 0.0009706250467227131, 3.710896681110764e-20, 7.09123718784692e-24, 7.252220186550907e-06, 4.732554658595604e-16, 1.0948094250703412e-13, 2.629759353999637e-13, 6.455120792093476e-18, 5.580548601307158e-22, 9.218243806575821e-05, 3.7191329014669106e-11, 0.0007985310407592676, 1.5729274997137723e-17, 4.428873210504201e-13, 6.425787526619453e-14, 1.5369204604140775e-14, 1.4146268561488218e-05, 0.009404063304353723, 5.707462771235911e-18, 1.2819308654057485e-18, 1.335738969999233e-06, 2.5623194057511602e-06, 6.129862750567924e-20, 2.1157403724145404e-21]
other results
	mean -> 0.017561316332667446
	best -> 0.0023501649263148764
	[0.012600014447084616, 0.011487531971227172, 0.003668685583870291, 0.007046653016406638, 0.010868849440134686, 0.00419091848235467, 0.03406137652740033, 0.08288470431225253, 0.0023501649263148764, 0.004860982151719875, 0.005331330283890304, 0.007123711681826144, 0.023935493816814812, 0.002825773459456503, 0.00541430352229421, 0.004548454422702941, 0.018485099666559902, 0.023202231729826255, 0.003277475563727274, 0.021086995850871464, 0.16712283887415857, 0.01053499366205509, 0.007048823908006283, 0.018738815320096035, 0.00286296401802811, 0.005001854650583334, 0.0069990713520714605, 0.013087453131653343, 0.0026254898744715325, 0.0035664343321641554]
----------------------------------------------------------------------------------------------------------------------------------------------------------------------------------------------------------------------------------------------------------------------------------------------------------------------------------------------------------------------------------------------------------------------------------------------------------------------------------------------------------------------------------------------------------------------------------------------------------------------------------------------------------------------------------------------------------------------------------------------------------------------------------------------------------------------------------------------------------------------------------------------------------------------------------------------------------------------------------------------------------------------------------------
POP_SIZE -> 10
OPTIMIZATION FUNCTION -> rosenbrock_function
my results
	mean -> 5.6777428538472805e-06
	best -> 9.169827235709744e-09
	[7.491154791330271e-08, 1.1430253034661204e-06, 1.5677119530483924e-08, 1.291111548429373e-06, 3.5605100629544794e-06, 2.2060934521728882e-06, 1.1444906483061463e-05, 4.258039523723273e-06, 7.894006393210704e-06, 1.4923302876572303e-05, 7.0950059902773175e-06, 6.027200478902299e-07, 1.3545092477948218e-05, 1.225405657771604e-06, 1.6051631231009858e-05, 9.452318620302756e-06, 1.891067065859844e-05, 1.7371885268385738e-05, 1.0720597363074238e-07, 1.2360342984546623e-06, 7.974827547408258e-06, 2.0031120455002986e-05, 1.9136447076627443e-06, 7.180559985084965e-07, 5.741957438197974e-08, 7.411843566599984e-07, 5.25744094334627e-08, 9.169827235709744e-09, 1.0929599669888002e-06, 5.331774236832021e-06]
other results
	mean -> 50.22095611185255
	best -> 0.7573021098518513
	[1.1442526395502968, 80.51672232101207, 70.64171072684294, 153.4685305296312, 1.009461107580174, 4.294618426647649, 147.00161533064232, 119.71944556195844, 35.302442359071755, 37.637301121163475, 38.88658221599561, 3.0010305776280144, 67.21027459335818, 7.762567420346096, 138.60001756390412, 98.10607740078038, 36.63864540877248, 5.231687036339586, 61.57544807160661, 4.465075930144678, 85.25325848967368, 167.90403904962642, 0.7573021098518513, 2.5290548086976874, 40.21354128574669, 75.89189110318216, 7.711110125872962, 10.546287051670904, 1.5525576540942325, 2.0561353341841166]
----------------------------------------------------------------------------------------------------------------------------------------------------------------------------------------------------------------------------------------------------------------------------------------------------------------------------------------------------------------------------------------------------------------------------------------------------------------------------------------------------------------------------------------------------------------------------------------------------------------------------------------------------------------------------------------------------------------------------------------------------------------------------------------------------------------------------------------------------------------------------------------------------------------------------------------------------------------------------------------------------------------------------------------
POP_SIZE -> 40
OPTIMIZATION FUNCTION -> rosenbrock_function
my results
	mean -> 0.0006793460024304857
	best -> 3.2463851232429857e-06
	[3.2463851232429857e-06, 0.0006099026951349509, 2.0809327469228034e-05, 0.0010523171926936608, 0.0012156570413783942, 3.6411056062692523e-06, 0.00026989762259298645, 0.0019171959080812634, 0.00035233204710478385, 0.00019586477148342653, 0.0001799181810452392, 5.37406327084664e-05, 5.892943345608839e-05, 1.934665442025308e-05, 3.265080957447905e-06, 1.230791002757267e-05, 0.0005002791193773762, 0.00012191366633865046, 0.001719498229184575, 4.153633415460213e-05, 0.0015384499324029475, 0.0020904398795642816, 1.425473664241948e-05, 0.002048906017351744, 2.20326426987043e-05, 0.0015392246617113195, 2.7251986875558995e-05, 0.0019592002300979684, 0.0027813860436977176, 7.63460353342631e-06]
other results
	mean -> 34.77975835559149
	best -> 1.0463922587018497
	[38.41903157648286, 51.64617551031055, 12.154328105449135, 1.0463922587018497, 2.2622556355198977, 28.946974822540383, 204.58247379133158, 10.581369409321903, 2.1771361313936746, 28.871473131344874, 4.253770426381385, 4.648987566707943, 4.624923560334509, 3.815954207243858, 34.541181199659945, 4.961301756213617, 197.88744809477708, 104.67495017851283, 37.02568825520827, 23.24165666604608, 3.6371286179218094, 63.279148599173176, 4.99580483392031, 57.79631826945394, 6.149113794121517, 26.488098458741646, 3.28056330986151, 4.374739668532779, 66.87874903965663, 6.149613792879059]
----------------------------------------------------------------------------------------------------------------------------------------------------------------------------------------------------------------------------------------------------------------------------------------------------------------------------------------------------------------------------------------------------------------------------------------------------------------------------------------------------------------------------------------------------------------------------------------------------------------------------------------------------------------------------------------------------------------------------------------------------------------------------------------------------------------------------------------------------------------------------------------------------------------------------------------------------------------------------------------------------------------------------------------
POP_SIZE -> 70
OPTIMIZATION FUNCTION -> rosenbrock_function
my results
	mean -> 19.647573135456742
	best -> 2.750591575998506e-07
	[72.86950178401872, 16.10764356879724, 2.9604688914073923e-05, 1.654554226147044e-05, 0.0005480150641448795, 46.97162286554215, 7.260348720399327e-06, 4.572024021587137, 3.2822095463151877, 28.57732120955715, 56.319206789286056, 2.750591575998506e-07, 16.914835539388793, 9.492497370262397e-07, 3.805731416367615, 0.001713071114950379, 42.18556178252736, 102.62276381875468, 0.00014520386353337854, 0.047497212606493505, 67.79442806358628, 10.902406687254828, 64.93663318071687, 0.00029177717326275506, 6.981489733634266e-05, 41.95815130198978, 0.3642079905382437, 0.0002615176517309503, 9.192341253429506, 2.1996784337171414e-05]
other results
	mean -> 68.87053228761572
	best -> 1.7108976115174728
	[3.584209437813457, 94.28491765606734, 7.924901424794161, 3.445643739505046, 2.8395076840537357, 53.9496507631285, 1.7108976115174728, 18.471783467458994, 161.05946571424744, 53.16460890279471, 105.28842259290768, 37.359986064665385, 165.64764084483767, 6.224942438819015, 63.33803543539965, 186.7993947416416, 4.346728365152489, 213.19804833073502, 47.75068219075857, 119.77244060189241, 103.59435636378187, 74.2003948938084, 237.51789343906626, 4.648606025548775, 153.47999633428577, 85.4858385680016, 8.43270669514358, 2.9197113482643138, 15.566297230588415, 30.10825972179184]
----------------------------------------------------------------------------------------------------------------------------------------------------------------------------------------------------------------------------------------------------------------------------------------------------------------------------------------------------------------------------------------------------------------------------------------------------------------------------------------------------------------------------------------------------------------------------------------------------------------------------------------------------------------------------------------------------------------------------------------------------------------------------------------------------------------------------------------------------------------------------------------------------------------------------------------------------------------------------------------------------------------------------------------
POP_SIZE -> 10
OPTIMIZATION FUNCTION -> zakharov_function
my results
	mean -> 9.772858727083694e-22
	best -> 5.903835014674052e-27
	[4.0981008481869475e-25, 8.593485695536857e-23, 1.8392102678610637e-24, 6.3905621931954166e-27, 1.0141280253159239e-25, 5.9440117005769585e-25, 1.382060640120056e-25, 2.8684008033012777e-25, 2.413646157268521e-24, 2.2779936360067158e-26, 4.1431307704618416e-21, 5.903835014674052e-27, 2.329750011137361e-24, 5.6913835395187435e-22, 6.787122570250019e-26, 2.5066717906558036e-24, 2.189141796249198e-20, 6.172363266811285e-26, 1.4409625212744979e-21, 2.094031272909176e-24, 7.76201265414025e-25, 5.098829992141602e-23, 8.465468322318414e-23, 2.927684623295896e-22, 1.4948953596983435e-24, 8.455042736595013e-25, 3.015026379754707e-24, 2.0857574630769463e-23, 2.084020628021921e-25, 7.195040177757089e-22]
other results
	mean -> 0.0006781828993634876
	best -> 0.00013552836272732785
	[0.0008461029202108783, 0.0010713918605174382, 0.0004902778050475107, 0.00042305425155594005, 0.0004348501251503039, 0.000592874013109639, 0.0004739592209813032, 0.0021725889591339667, 0.0011460804610856881, 0.0005451287388706739, 0.00032701621157840905, 0.00013552836272732785, 0.0005317837538442822, 0.00044519794408611396, 0.00061447753583526, 0.0007497081434335137, 0.0003395440610723891, 0.0012195450384366127, 0.0007054737966126219, 0.00027708848274345013, 0.0004297623857450942, 0.0005898370299119235, 0.00046493582871030104, 0.0007250728158761868, 0.0007952142981192255, 0.0004344166684516434, 0.00023241102584288121, 0.000925092539617463, 0.001614147133678664, 0.0005929255689179181]
----------------------------------------------------------------------------------------------------------------------------------------------------------------------------------------------------------------------------------------------------------------------------------------------------------------------------------------------------------------------------------------------------------------------------------------------------------------------------------------------------------------------------------------------------------------------------------------------------------------------------------------------------------------------------------------------------------------------------------------------------------------------------------------------------------------------------------------------------------------------------------------------------------------------------------------------------------------------------------------------------------------------------------------
POP_SIZE -> 40
OPTIMIZATION FUNCTION -> zakharov_function
my results
	mean -> 1.131183458132741e-17
	best -> 6.894644311631643e-27
	[2.484885027019966e-21, 1.2979113485244108e-23, 6.894644311631643e-27, 1.211687178472883e-19, 1.1873049472220674e-21, 2.2664959883131195e-24, 1.24715438127459e-24, 2.9703746831517085e-22, 1.3739284308203137e-23, 3.7735789500188446e-21, 1.282362981236728e-16, 7.356790899890683e-23, 8.309839142561405e-18, 2.7650460539906936e-22, 3.357489342673543e-20, 1.8911852327787688e-16, 3.7893837301344323e-22, 9.481792536394473e-26, 6.288578255368444e-25, 9.411768695452799e-21, 3.8967384223307666e-23, 3.3430978530180215e-25, 2.8405303475198193e-26, 1.388136010224889e-19, 3.0309186216677176e-22, 7.006238231892108e-23, 8.171375640996858e-21, 1.0669511696142378e-17, 1.081800678951362e-22, 2.700701398625631e-18]
other results
	mean -> 0.011654566014078643
	best -> 0.002748209493482044
	[0.012422037552793027, 0.002748209493482044, 0.024064950684459768, 0.0029789469795600656, 0.006547470758114254, 0.00459908093528682, 0.004199393378864495, 0.0038147055384175105, 0.010190800793735216, 0.007949030807266246, 0.0259841824929387, 0.009412269700155875, 0.008438142859309002, 0.018512399176317716, 0.011298883547309256, 0.004068298967745454, 0.011396878044864682, 0.015137579560892556, 0.03277581573313981, 0.016113644963602815, 0.009697030955170874, 0.005256103227594444, 0.006494061464979274, 0.025699333474935897, 0.010292816487594109, 0.014341955885514452, 0.00953116233723825, 0.016006628933373592, 0.008630286735541096, 0.011034878952161879]
----------------------------------------------------------------------------------------------------------------------------------------------------------------------------------------------------------------------------------------------------------------------------------------------------------------------------------------------------------------------------------------------------------------------------------------------------------------------------------------------------------------------------------------------------------------------------------------------------------------------------------------------------------------------------------------------------------------------------------------------------------------------------------------------------------------------------------------------------------------------------------------------------------------------------------------------------------------------------------------------------------------------------------------
POP_SIZE -> 70
OPTIMIZATION FUNCTION -> zakharov_function
my results
	mean -> 0.021189456379222538
	best -> 6.125009524392678e-24
	[1.3985105396398809e-21, 0.013953075738812163, 1.3086878012024125e-17, 0.0069121702871200496, 0.04785762454122358, 4.3236840472707607e-19, 0.00356529118963875, 6.486792383815795e-20, 6.024840571420038e-19, 0.0004097498314048726, 4.978347314419127e-18, 5.492910458006612e-18, 2.6310478617094628e-17, 2.7220171000934766e-18, 0.21916925556531355, 1.2171263288659478e-17, 1.133717376305857e-15, 0.2035178191292589, 6.125009524392678e-24, 6.919906651851507e-16, 0.09153319254323873, 0.00809410206979276, 1.6490858257175243e-15, 1.1875668108359962e-13, 1.4208496013615426e-22, 8.856494840122891e-24, 1.627195655292434e-15, 2.483655346390525e-18, 5.359090564979446e-05, 0.040617819575098954]
other results
	mean -> 0.0365346644700337
	best -> 0.010016282272222935
	[0.012926210628844822, 0.03492908826961067, 0.026192375998297705, 0.010016282272222935, 0.04984737992569111, 0.017837978669142295, 0.05858462085679673, 0.011232223983431853, 0.025937223457648352, 0.013520977800165002, 0.01062703337462175, 0.03756116709477221, 0.05338112541974845, 0.05939271290447774, 0.02677681622164474, 0.028208166596948053, 0.04769975690268769, 0.01664450145265188, 0.1040634111921422, 0.034915830149174605, 0.03485742124204208, 0.08086718941649387, 0.03702247599898419, 0.030279528666757195, 0.01807286396222468, 0.012941725474113064, 0.05405038858448835, 0.04610434059663276, 0.03740606313523822, 0.06414305385331581]
----------------------------------------------------------------------------------------------------------------------------------------------------------------------------------------------------------------------------------------------------------------------------------------------------------------------------------------------------------------------------------------------------------------------------------------------------------------------------------------------------------------------------------------------------------------------------------------------------------------------------------------------------------------------------------------------------------------------------------------------------------------------------------------------------------------------------------------------------------------------------------------------------------------------------------------------------------------------------------------------------------------------------------------
